0 info it worked if it ends with ok
1 verbose cli [ '/usr/local/Cellar/node/7.6.0/bin/node',
1 verbose cli   '/usr/local/bin/npm',
1 verbose cli   'init',
1 verbose cli   '-y' ]
2 info using npm@4.1.2
3 info using node@v7.6.0
4 verbose config Skipping project config: /Users/wag1125/.npmrc. (matches userconfig)
5 silly package data undefined
6 info init written successfully
7 verbose stack Error: Invalid name: "sample node"
7 verbose stack     at ensureValidName (/usr/local/lib/node_modules/npm/node_modules/normalize-package-data/lib/fixer.js:336:15)
7 verbose stack     at Object.fixNameField (/usr/local/lib/node_modules/npm/node_modules/normalize-package-data/lib/fixer.js:215:5)
7 verbose stack     at /usr/local/lib/node_modules/npm/node_modules/normalize-package-data/lib/normalize.js:32:38
7 verbose stack     at Array.forEach (native)
7 verbose stack     at normalize (/usr/local/lib/node_modules/npm/node_modules/normalize-package-data/lib/normalize.js:31:15)
7 verbose stack     at final (/usr/local/lib/node_modules/npm/node_modules/read-package-json/read-json.js:349:5)
7 verbose stack     at then (/usr/local/lib/node_modules/npm/node_modules/read-package-json/read-json.js:124:5)
7 verbose stack     at ReadFileContext.<anonymous> (/usr/local/lib/node_modules/npm/node_modules/read-package-json/read-json.js:295:20)
7 verbose stack     at ReadFileContext.callback (/usr/local/lib/node_modules/npm/node_modules/graceful-fs/graceful-fs.js:78:16)
7 verbose stack     at FSReqWrap.readFileAfterOpen [as oncomplete] (fs.js:357:13)
8 verbose cwd /Users/wag1125/Desktop/CodingDoJo/node/sample node
9 error Darwin 16.5.0
10 error argv "/usr/local/Cellar/node/7.6.0/bin/node" "/usr/local/bin/npm" "init" "-y"
11 error node v7.6.0
12 error npm  v4.1.2
13 error Invalid name: "sample node"
14 error If you need help, you may report this error at:
14 error     <https://github.com/npm/npm/issues>
15 verbose exit [ 1, true ]
